proactor_events.py [ LINE:623 ]#   DEBUG [2022-05-05:00:46:34]  Using proactor: IocpProactor
api.py [ LINE:133 ]#   DEBUG [2022-05-05:00:46:34]  Make request: "getMe" with data: "{}" and files "None"
api.py [ LINE: 95 ]#   DEBUG [2022-05-05:00:46:37]  Response for getMe: [200] "'{"ok":true,"result":{"id":5310304321,"is_bot":true,"first_name":"name_here_no","username":"Image_scale_bot","can_join_groups":true,"can_read_all_group_messages":false,"supports_inline_queries":false}}'"
executor.py [ LINE:362 ]#    INFO [2022-05-05:00:46:37]  Bot: name_here_no [@Image_scale_bot]
dispatcher.py [ LINE:358 ]#    INFO [2022-05-05:00:46:37]  Start polling.
api.py [ LINE:133 ]#   DEBUG [2022-05-05:00:46:37]  Make request: "getWebhookInfo" with data: "{}" and files "None"
api.py [ LINE: 95 ]#   DEBUG [2022-05-05:00:46:37]  Response for getWebhookInfo: [200] "'{"ok":true,"result":{"url":"","has_custom_certificate":false,"pending_update_count":0}}'"
api.py [ LINE:133 ]#   DEBUG [2022-05-05:00:46:37]  Make request: "getUpdates" with data: "{'timeout': 20}" and files "None"
api.py [ LINE: 95 ]#   DEBUG [2022-05-05:00:46:57]  Response for getUpdates: [200] "'{"ok":true,"result":[]}'"
api.py [ LINE:133 ]#   DEBUG [2022-05-05:00:46:57]  Make request: "getUpdates" with data: "{'timeout': 20}" and files "None"
api.py [ LINE: 95 ]#   DEBUG [2022-05-05:00:47:17]  Response for getUpdates: [200] "'{"ok":true,"result":[]}'"
api.py [ LINE:133 ]#   DEBUG [2022-05-05:00:47:18]  Make request: "getUpdates" with data: "{'timeout': 20}" and files "None"
api.py [ LINE: 95 ]#   DEBUG [2022-05-05:00:47:38]  Response for getUpdates: [200] "'{"ok":true,"result":[]}'"
api.py [ LINE:133 ]#   DEBUG [2022-05-05:00:47:38]  Make request: "getUpdates" with data: "{'timeout': 20}" and files "None"
api.py [ LINE: 95 ]#   DEBUG [2022-05-05:00:47:58]  Response for getUpdates: [200] "'{"ok":true,"result":[]}'"
api.py [ LINE:133 ]#   DEBUG [2022-05-05:00:47:58]  Make request: "getUpdates" with data: "{'timeout': 20}" and files "None"
dispatcher.py [ LINE:433 ]#    INFO [2022-05-05:00:48:13]  Stop polling...
executor.py [ LINE:329 ]# WARNING [2022-05-05:00:48:13]  Goodbye!
proactor_events.py [ LINE:623 ]#   DEBUG [2022-05-05:00:48:15]  Using proactor: IocpProactor
api.py [ LINE:133 ]#   DEBUG [2022-05-05:00:48:15]  Make request: "getMe" with data: "{}" and files "None"
api.py [ LINE: 95 ]#   DEBUG [2022-05-05:00:48:15]  Response for getMe: [200] "'{"ok":true,"result":{"id":5310304321,"is_bot":true,"first_name":"name_here_no","username":"Image_scale_bot","can_join_groups":true,"can_read_all_group_messages":false,"supports_inline_queries":false}}'"
executor.py [ LINE:362 ]#    INFO [2022-05-05:00:48:15]  Bot: name_here_no [@Image_scale_bot]
dispatcher.py [ LINE:358 ]#    INFO [2022-05-05:00:48:15]  Start polling.
api.py [ LINE:133 ]#   DEBUG [2022-05-05:00:48:15]  Make request: "getWebhookInfo" with data: "{}" and files "None"
api.py [ LINE: 95 ]#   DEBUG [2022-05-05:00:48:16]  Response for getWebhookInfo: [200] "'{"ok":true,"result":{"url":"","has_custom_certificate":false,"pending_update_count":0}}'"
api.py [ LINE:133 ]#   DEBUG [2022-05-05:00:48:16]  Make request: "getUpdates" with data: "{'timeout': 20}" and files "None"
api.py [ LINE: 95 ]#   DEBUG [2022-05-05:00:48:23]  Response for getUpdates: [200] "'{"ok":true,"result":[{"update_id":417798548,\n"message":{"message_id":1,"from":{"id":779587035,"is_bot":false,"first_name":"Leonid","last_name":"Zhozhikov","username":"LyonyaZhozhikov","language_code":"ru"},"chat":{"id":779587035,"first_name":"Leonid","last_name":"Zhozhikov","username":"LyonyaZhozhikov","type":"private"},"date":1651679305,"text":"/start","entities":[{"offset":0,"length":6,"type":"bot_command"}]}}]}'"
dispatcher.py [ LINE:395 ]#   DEBUG [2022-05-05:00:48:23]  Received 1 updates.
api.py [ LINE:133 ]#   DEBUG [2022-05-05:00:48:23]  Make request: "sendMessage" with data: "{'chat_id': 779587035, 'text': 'Hi!\nI am Scaler Bot. Type /help to know how to use me.', 'reply_to_message_id': 1}" and files "None"
api.py [ LINE:133 ]#   DEBUG [2022-05-05:00:48:23]  Make request: "getUpdates" with data: "{'offset': 417798549, 'timeout': 20}" and files "None"
api.py [ LINE: 95 ]#   DEBUG [2022-05-05:00:48:23]  Response for sendMessage: [200] "'{"ok":true,"result":{"message_id":2,"from":{"id":5310304321,"is_bot":true,"first_name":"name_here_no","username":"Image_scale_bot"},"chat":{"id":779587035,"first_name":"Leonid","last_name":"Zhozhikov","username":"LyonyaZhozhikov","type":"private"},"date":1651679305,"reply_to_message":{"message_id":1,"from":{"id":779587035,"is_bot":false,"first_name":"Leonid","last_name":"Zhozhikov","username":"LyonyaZhozhikov","language_code":"ru"},"chat":{"id":779587035,"first_name":"Leonid","last_name":"Zhozhikov","username":"LyonyaZhozhikov","type":"private"},"date":1651679305,"text":"/start","entities":[{"offset":0,"length":6,"type":"bot_command"}]},"text":"Hi!\\nI am Scaler Bot. Type /help to know how to use me.","entities":[{"offset":26,"length":5,"type":"bot_command"}]}}'"
api.py [ LINE: 95 ]#   DEBUG [2022-05-05:00:48:26]  Response for getUpdates: [200] "'{"ok":true,"result":[{"update_id":417798549,\n"message":{"message_id":3,"from":{"id":779587035,"is_bot":false,"first_name":"Leonid","last_name":"Zhozhikov","username":"LyonyaZhozhikov","language_code":"ru"},"chat":{"id":779587035,"first_name":"Leonid","last_name":"Zhozhikov","username":"LyonyaZhozhikov","type":"private"},"date":1651679309,"text":"/help","entities":[{"offset":0,"length":5,"type":"bot_command"}]}}]}'"
dispatcher.py [ LINE:395 ]#   DEBUG [2022-05-05:00:48:26]  Received 1 updates.
api.py [ LINE:133 ]#   DEBUG [2022-05-05:00:48:26]  Make request: "sendMessage" with data: "{'chat_id': 779587035, 'text': 'Send me an image as a document to scale it and write in comment the scaler (any number >1 and <=5). And I will send you scaled image.', 'parse_mode': 'markdown', 'reply_to_message_id': 3}" and files "None"
api.py [ LINE:133 ]#   DEBUG [2022-05-05:00:48:27]  Make request: "getUpdates" with data: "{'offset': 417798550, 'timeout': 20}" and files "None"
api.py [ LINE: 95 ]#   DEBUG [2022-05-05:00:48:27]  Response for sendMessage: [200] "'{"ok":true,"result":{"message_id":4,"from":{"id":5310304321,"is_bot":true,"first_name":"name_here_no","username":"Image_scale_bot"},"chat":{"id":779587035,"first_name":"Leonid","last_name":"Zhozhikov","username":"LyonyaZhozhikov","type":"private"},"date":1651679309,"reply_to_message":{"message_id":3,"from":{"id":779587035,"is_bot":false,"first_name":"Leonid","last_name":"Zhozhikov","username":"LyonyaZhozhikov","language_code":"ru"},"chat":{"id":779587035,"first_name":"Leonid","last_name":"Zhozhikov","username":"LyonyaZhozhikov","type":"private"},"date":1651679309,"text":"/help","entities":[{"offset":0,"length":5,"type":"bot_command"}]},"text":"Send me an image as a document to scale it and write in comment the scaler (any number >1 and <=5). And I will send you scaled image."}}'"
api.py [ LINE: 95 ]#   DEBUG [2022-05-05:00:48:41]  Response for getUpdates: [200] "'{"ok":true,"result":[{"update_id":417798550,\n"message":{"message_id":5,"from":{"id":779587035,"is_bot":false,"first_name":"Leonid","last_name":"Zhozhikov","username":"LyonyaZhozhikov","language_code":"ru"},"chat":{"id":779587035,"first_name":"Leonid","last_name":"Zhozhikov","username":"LyonyaZhozhikov","type":"private"},"date":1651679323,"photo":[{"file_id":"AgACAgIAAxkBAAMFYnKgWwyPCziTA3E9fDMeCLCJ4PIAAh-7MRtszJBL6r-61U47oIkBAAMCAANzAAMkBA","file_unique_id":"AQADH7sxG2zMkEt4","file_size":1085,"width":90,"height":71},{"file_id":"AgACAgIAAxkBAAMFYnKgWwyPCziTA3E9fDMeCLCJ4PIAAh-7MRtszJBL6r-61U47oIkBAAMCAANtAAMkBA","file_unique_id":"AQADH7sxG2zMkEty","file_size":16352,"width":320,"height":253},{"file_id":"AgACAgIAAxkBAAMFYnKgWwyPCziTA3E9fDMeCLCJ4PIAAh-7MRtszJBL6r-61U47oIkBAAMCAAN4AAMkBA","file_unique_id":"AQADH7sxG2zMkEt9","file_size":67854,"width":800,"height":632},{"file_id":"AgACAgIAAxkBAAMFYnKgWwyPCziTA3E9fDMeCLCJ4PIAAh-7MRtszJBL6r-61U47oIkBAAMCAAN5AAMkBA","file_unique_id":"AQADH7sxG2zMkEt-","file_size":109026,"width":1280,"height":1012}]}}]}'"
dispatcher.py [ LINE:395 ]#   DEBUG [2022-05-05:00:48:41]  Received 1 updates.
base_events.py [ LINE:1738 ]#   ERROR [2022-05-05:00:48:41]  Task exception was never retrieved
future: <Task finished name='Task-16' coro=<Dispatcher._process_polling_updates() done, defined at D:\Co-pilot SSD M.2\gitgit\ImageScalerBot\venv\lib\site-packages\aiogram\dispatcher\dispatcher.py:407> exception=NameError("name 'emojize' is not defined")>
Traceback (most recent call last):
  File "D:\Co-pilot SSD M.2\gitgit\ImageScalerBot\venv\lib\site-packages\aiogram\dispatcher\dispatcher.py", line 415, in _process_polling_updates
    for responses in itertools.chain.from_iterable(await self.process_updates(updates, fast)):
  File "D:\Co-pilot SSD M.2\gitgit\ImageScalerBot\venv\lib\site-packages\aiogram\dispatcher\dispatcher.py", line 235, in process_updates
    return await asyncio.gather(*tasks)
  File "D:\Co-pilot SSD M.2\gitgit\ImageScalerBot\venv\lib\site-packages\aiogram\dispatcher\handler.py", line 116, in notify
    response = await handler_obj.handler(*args, **partial_data)
  File "D:\Co-pilot SSD M.2\gitgit\ImageScalerBot\venv\lib\site-packages\aiogram\dispatcher\dispatcher.py", line 256, in process_update
    return await self.message_handlers.notify(update.message)
  File "D:\Co-pilot SSD M.2\gitgit\ImageScalerBot\venv\lib\site-packages\aiogram\dispatcher\handler.py", line 116, in notify
    response = await handler_obj.handler(*args, **partial_data)
  File "D:\Co-pilot SSD M.2\gitgit\ImageScalerBot\bot.py", line 131, in process_photo_message
    message_text = text(emojize('Hm...  you sent me a photo :astonished:.'),
NameError: name 'emojize' is not defined
api.py [ LINE:133 ]#   DEBUG [2022-05-05:00:48:41]  Make request: "getUpdates" with data: "{'offset': 417798551, 'timeout': 20}" and files "None"
api.py [ LINE: 95 ]#   DEBUG [2022-05-05:00:48:52]  Response for getUpdates: [200] "'{"ok":true,"result":[{"update_id":417798551,\n"message":{"message_id":6,"from":{"id":779587035,"is_bot":false,"first_name":"Leonid","last_name":"Zhozhikov","username":"LyonyaZhozhikov","language_code":"ru"},"chat":{"id":779587035,"first_name":"Leonid","last_name":"Zhozhikov","username":"LyonyaZhozhikov","type":"private"},"date":1651679335,"text":"5"}}]}'"
dispatcher.py [ LINE:395 ]#   DEBUG [2022-05-05:00:48:52]  Received 1 updates.
base_events.py [ LINE:1738 ]#   ERROR [2022-05-05:00:48:52]  Task exception was never retrieved
future: <Task finished name='Task-19' coro=<Dispatcher._process_polling_updates() done, defined at D:\Co-pilot SSD M.2\gitgit\ImageScalerBot\venv\lib\site-packages\aiogram\dispatcher\dispatcher.py:407> exception=NameError("name 'emojize' is not defined")>
Traceback (most recent call last):
  File "D:\Co-pilot SSD M.2\gitgit\ImageScalerBot\venv\lib\site-packages\aiogram\dispatcher\dispatcher.py", line 415, in _process_polling_updates
    for responses in itertools.chain.from_iterable(await self.process_updates(updates, fast)):
  File "D:\Co-pilot SSD M.2\gitgit\ImageScalerBot\venv\lib\site-packages\aiogram\dispatcher\dispatcher.py", line 235, in process_updates
    return await asyncio.gather(*tasks)
  File "D:\Co-pilot SSD M.2\gitgit\ImageScalerBot\venv\lib\site-packages\aiogram\dispatcher\handler.py", line 116, in notify
    response = await handler_obj.handler(*args, **partial_data)
  File "D:\Co-pilot SSD M.2\gitgit\ImageScalerBot\venv\lib\site-packages\aiogram\dispatcher\dispatcher.py", line 256, in process_update
    return await self.message_handlers.notify(update.message)
  File "D:\Co-pilot SSD M.2\gitgit\ImageScalerBot\venv\lib\site-packages\aiogram\dispatcher\handler.py", line 116, in notify
    response = await handler_obj.handler(*args, **partial_data)
  File "D:\Co-pilot SSD M.2\gitgit\ImageScalerBot\bot.py", line 141, in unknown_message
    emojize(':astonished:'),
NameError: name 'emojize' is not defined
api.py [ LINE:133 ]#   DEBUG [2022-05-05:00:48:53]  Make request: "getUpdates" with data: "{'offset': 417798552, 'timeout': 20}" and files "None"
api.py [ LINE: 95 ]#   DEBUG [2022-05-05:00:49:13]  Response for getUpdates: [200] "'{"ok":true,"result":[]}'"
api.py [ LINE:133 ]#   DEBUG [2022-05-05:00:49:13]  Make request: "getUpdates" with data: "{'offset': 417798552, 'timeout': 20}" and files "None"
api.py [ LINE: 95 ]#   DEBUG [2022-05-05:00:49:18]  Response for getUpdates: [200] "'{"ok":true,"result":[{"update_id":417798552,\n"message":{"message_id":7,"from":{"id":779587035,"is_bot":false,"first_name":"Leonid","last_name":"Zhozhikov","username":"LyonyaZhozhikov","language_code":"ru"},"chat":{"id":779587035,"first_name":"Leonid","last_name":"Zhozhikov","username":"LyonyaZhozhikov","type":"private"},"date":1651679360,"photo":[{"file_id":"AgACAgIAAxkBAAMHYnKggEsLkFu62FEAAQ_LAAHq5h_iFwACH7sxG2zMkEvqv7rVTjugiQEAAwIAA3MAAyQE","file_unique_id":"AQADH7sxG2zMkEt4","file_size":1085,"width":90,"height":71},{"file_id":"AgACAgIAAxkBAAMHYnKggEsLkFu62FEAAQ_LAAHq5h_iFwACH7sxG2zMkEvqv7rVTjugiQEAAwIAA20AAyQE","file_unique_id":"AQADH7sxG2zMkEty","file_size":16352,"width":320,"height":253},{"file_id":"AgACAgIAAxkBAAMHYnKggEsLkFu62FEAAQ_LAAHq5h_iFwACH7sxG2zMkEvqv7rVTjugiQEAAwIAA3gAAyQE","file_unique_id":"AQADH7sxG2zMkEt9","file_size":67854,"width":800,"height":632},{"file_id":"AgACAgIAAxkBAAMHYnKggEsLkFu62FEAAQ_LAAHq5h_iFwACH7sxG2zMkEvqv7rVTjugiQEAAwIAA3kAAyQE","file_unique_id":"AQADH7sxG2zMkEt-","file_size":109026,"width":1280,"height":1012}],"caption":"5"}}]}'"
dispatcher.py [ LINE:395 ]#   DEBUG [2022-05-05:00:49:18]  Received 1 updates.
base_events.py [ LINE:1738 ]#   ERROR [2022-05-05:00:49:18]  Task exception was never retrieved
future: <Task finished name='Task-23' coro=<Dispatcher._process_polling_updates() done, defined at D:\Co-pilot SSD M.2\gitgit\ImageScalerBot\venv\lib\site-packages\aiogram\dispatcher\dispatcher.py:407> exception=NameError("name 'emojize' is not defined")>
Traceback (most recent call last):
  File "D:\Co-pilot SSD M.2\gitgit\ImageScalerBot\venv\lib\site-packages\aiogram\dispatcher\dispatcher.py", line 415, in _process_polling_updates
    for responses in itertools.chain.from_iterable(await self.process_updates(updates, fast)):
  File "D:\Co-pilot SSD M.2\gitgit\ImageScalerBot\venv\lib\site-packages\aiogram\dispatcher\dispatcher.py", line 235, in process_updates
    return await asyncio.gather(*tasks)
  File "D:\Co-pilot SSD M.2\gitgit\ImageScalerBot\venv\lib\site-packages\aiogram\dispatcher\handler.py", line 116, in notify
    response = await handler_obj.handler(*args, **partial_data)
  File "D:\Co-pilot SSD M.2\gitgit\ImageScalerBot\venv\lib\site-packages\aiogram\dispatcher\dispatcher.py", line 256, in process_update
    return await self.message_handlers.notify(update.message)
  File "D:\Co-pilot SSD M.2\gitgit\ImageScalerBot\venv\lib\site-packages\aiogram\dispatcher\handler.py", line 116, in notify
    response = await handler_obj.handler(*args, **partial_data)
  File "D:\Co-pilot SSD M.2\gitgit\ImageScalerBot\bot.py", line 131, in process_photo_message
    message_text = text(emojize('Hm...  you sent me a photo :astonished:.'),
NameError: name 'emojize' is not defined
api.py [ LINE:133 ]#   DEBUG [2022-05-05:00:49:18]  Make request: "getUpdates" with data: "{'offset': 417798553, 'timeout': 20}" and files "None"
api.py [ LINE: 95 ]#   DEBUG [2022-05-05:00:49:38]  Response for getUpdates: [200] "'{"ok":true,"result":[]}'"
api.py [ LINE:133 ]#   DEBUG [2022-05-05:00:49:38]  Make request: "getUpdates" with data: "{'offset': 417798553, 'timeout': 20}" and files "None"
api.py [ LINE: 95 ]#   DEBUG [2022-05-05:00:49:58]  Response for getUpdates: [200] "'{"ok":true,"result":[]}'"
api.py [ LINE:133 ]#   DEBUG [2022-05-05:00:49:58]  Make request: "getUpdates" with data: "{'offset': 417798553, 'timeout': 20}" and files "None"
api.py [ LINE: 95 ]#   DEBUG [2022-05-05:00:50:19]  Response for getUpdates: [200] "'{"ok":true,"result":[]}'"
api.py [ LINE:133 ]#   DEBUG [2022-05-05:00:50:19]  Make request: "getUpdates" with data: "{'offset': 417798553, 'timeout': 20}" and files "None"
api.py [ LINE: 95 ]#   DEBUG [2022-05-05:00:50:39]  Response for getUpdates: [200] "'{"ok":true,"result":[]}'"
api.py [ LINE:133 ]#   DEBUG [2022-05-05:00:50:39]  Make request: "getUpdates" with data: "{'offset': 417798553, 'timeout': 20}" and files "None"
api.py [ LINE: 95 ]#   DEBUG [2022-05-05:00:50:59]  Response for getUpdates: [200] "'{"ok":true,"result":[]}'"
api.py [ LINE:133 ]#   DEBUG [2022-05-05:00:50:59]  Make request: "getUpdates" with data: "{'offset': 417798553, 'timeout': 20}" and files "None"
api.py [ LINE: 95 ]#   DEBUG [2022-05-05:00:51:19]  Response for getUpdates: [200] "'{"ok":true,"result":[]}'"
api.py [ LINE:133 ]#   DEBUG [2022-05-05:00:51:19]  Make request: "getUpdates" with data: "{'offset': 417798553, 'timeout': 20}" and files "None"
api.py [ LINE: 95 ]#   DEBUG [2022-05-05:00:51:40]  Response for getUpdates: [200] "'{"ok":true,"result":[]}'"
api.py [ LINE:133 ]#   DEBUG [2022-05-05:00:51:40]  Make request: "getUpdates" with data: "{'offset': 417798553, 'timeout': 20}" and files "None"
api.py [ LINE: 95 ]#   DEBUG [2022-05-05:00:52:00]  Response for getUpdates: [200] "'{"ok":true,"result":[]}'"
api.py [ LINE:133 ]#   DEBUG [2022-05-05:00:52:00]  Make request: "getUpdates" with data: "{'offset': 417798553, 'timeout': 20}" and files "None"
dispatcher.py [ LINE:433 ]#    INFO [2022-05-05:00:52:13]  Stop polling...
executor.py [ LINE:329 ]# WARNING [2022-05-05:00:52:13]  Goodbye!
proactor_events.py [ LINE:623 ]#   DEBUG [2022-05-05:00:52:14]  Using proactor: IocpProactor
api.py [ LINE:133 ]#   DEBUG [2022-05-05:00:52:14]  Make request: "getMe" with data: "{}" and files "None"
api.py [ LINE: 95 ]#   DEBUG [2022-05-05:00:52:14]  Response for getMe: [200] "'{"ok":true,"result":{"id":5310304321,"is_bot":true,"first_name":"name_here_no","username":"Image_scale_bot","can_join_groups":true,"can_read_all_group_messages":false,"supports_inline_queries":false}}'"
executor.py [ LINE:362 ]#    INFO [2022-05-05:00:52:14]  Bot: name_here_no [@Image_scale_bot]
dispatcher.py [ LINE:358 ]#    INFO [2022-05-05:00:52:14]  Start polling.
api.py [ LINE:133 ]#   DEBUG [2022-05-05:00:52:14]  Make request: "getWebhookInfo" with data: "{}" and files "None"
api.py [ LINE: 95 ]#   DEBUG [2022-05-05:00:52:14]  Response for getWebhookInfo: [200] "'{"ok":true,"result":{"url":"","has_custom_certificate":false,"pending_update_count":0}}'"
api.py [ LINE:133 ]#   DEBUG [2022-05-05:00:52:14]  Make request: "getUpdates" with data: "{'timeout': 20}" and files "None"
api.py [ LINE: 95 ]#   DEBUG [2022-05-05:00:52:19]  Response for getUpdates: [200] "'{"ok":true,"result":[{"update_id":417798553,\n"message":{"message_id":8,"from":{"id":779587035,"is_bot":false,"first_name":"Leonid","last_name":"Zhozhikov","username":"LyonyaZhozhikov","language_code":"ru"},"chat":{"id":779587035,"first_name":"Leonid","last_name":"Zhozhikov","username":"LyonyaZhozhikov","type":"private"},"date":1651679541,"text":"s"}}]}'"
dispatcher.py [ LINE:395 ]#   DEBUG [2022-05-05:00:52:19]  Received 1 updates.
base_events.py [ LINE:1738 ]#   ERROR [2022-05-05:00:52:19]  Task exception was never retrieved
future: <Task finished name='Task-7' coro=<Dispatcher._process_polling_updates() done, defined at D:\Co-pilot SSD M.2\gitgit\ImageScalerBot\venv\lib\site-packages\aiogram\dispatcher\dispatcher.py:407> exception=NameError("name 'emojize' is not defined")>
Traceback (most recent call last):
  File "D:\Co-pilot SSD M.2\gitgit\ImageScalerBot\venv\lib\site-packages\aiogram\dispatcher\dispatcher.py", line 415, in _process_polling_updates
    for responses in itertools.chain.from_iterable(await self.process_updates(updates, fast)):
  File "D:\Co-pilot SSD M.2\gitgit\ImageScalerBot\venv\lib\site-packages\aiogram\dispatcher\dispatcher.py", line 235, in process_updates
    return await asyncio.gather(*tasks)
  File "D:\Co-pilot SSD M.2\gitgit\ImageScalerBot\venv\lib\site-packages\aiogram\dispatcher\handler.py", line 116, in notify
    response = await handler_obj.handler(*args, **partial_data)
  File "D:\Co-pilot SSD M.2\gitgit\ImageScalerBot\venv\lib\site-packages\aiogram\dispatcher\dispatcher.py", line 256, in process_update
    return await self.message_handlers.notify(update.message)
  File "D:\Co-pilot SSD M.2\gitgit\ImageScalerBot\venv\lib\site-packages\aiogram\dispatcher\handler.py", line 116, in notify
    response = await handler_obj.handler(*args, **partial_data)
  File "D:\Co-pilot SSD M.2\gitgit\ImageScalerBot\bot.py", line 141, in unknown_message
    emojize(':astonished:'),
NameError: name 'emojize' is not defined
api.py [ LINE:133 ]#   DEBUG [2022-05-05:00:52:19]  Make request: "getUpdates" with data: "{'offset': 417798554, 'timeout': 20}" and files "None"
api.py [ LINE: 95 ]#   DEBUG [2022-05-05:00:52:39]  Response for getUpdates: [200] "'{"ok":true,"result":[]}'"
api.py [ LINE:133 ]#   DEBUG [2022-05-05:00:52:39]  Make request: "getUpdates" with data: "{'offset': 417798554, 'timeout': 20}" and files "None"
api.py [ LINE: 95 ]#   DEBUG [2022-05-05:00:52:59]  Response for getUpdates: [200] "'{"ok":true,"result":[]}'"
api.py [ LINE:133 ]#   DEBUG [2022-05-05:00:52:59]  Make request: "getUpdates" with data: "{'offset': 417798554, 'timeout': 20}" and files "None"
api.py [ LINE: 95 ]#   DEBUG [2022-05-05:00:53:20]  Response for getUpdates: [200] "'{"ok":true,"result":[]}'"
api.py [ LINE:133 ]#   DEBUG [2022-05-05:00:53:20]  Make request: "getUpdates" with data: "{'offset': 417798554, 'timeout': 20}" and files "None"
api.py [ LINE: 95 ]#   DEBUG [2022-05-05:00:53:34]  Response for getUpdates: [200] "'{"ok":true,"result":[{"update_id":417798554,\n"message":{"message_id":9,"from":{"id":779587035,"is_bot":false,"first_name":"Leonid","last_name":"Zhozhikov","username":"LyonyaZhozhikov","language_code":"ru"},"chat":{"id":779587035,"first_name":"Leonid","last_name":"Zhozhikov","username":"LyonyaZhozhikov","type":"private"},"date":1651679616,"text":"start"}}]}'"
dispatcher.py [ LINE:395 ]#   DEBUG [2022-05-05:00:53:34]  Received 1 updates.
base_events.py [ LINE:1738 ]#   ERROR [2022-05-05:00:53:34]  Task exception was never retrieved
future: <Task finished name='Task-13' coro=<Dispatcher._process_polling_updates() done, defined at D:\Co-pilot SSD M.2\gitgit\ImageScalerBot\venv\lib\site-packages\aiogram\dispatcher\dispatcher.py:407> exception=NameError("name 'emojize' is not defined")>
Traceback (most recent call last):
  File "D:\Co-pilot SSD M.2\gitgit\ImageScalerBot\venv\lib\site-packages\aiogram\dispatcher\dispatcher.py", line 415, in _process_polling_updates
    for responses in itertools.chain.from_iterable(await self.process_updates(updates, fast)):
  File "D:\Co-pilot SSD M.2\gitgit\ImageScalerBot\venv\lib\site-packages\aiogram\dispatcher\dispatcher.py", line 235, in process_updates
    return await asyncio.gather(*tasks)
  File "D:\Co-pilot SSD M.2\gitgit\ImageScalerBot\venv\lib\site-packages\aiogram\dispatcher\handler.py", line 116, in notify
    response = await handler_obj.handler(*args, **partial_data)
  File "D:\Co-pilot SSD M.2\gitgit\ImageScalerBot\venv\lib\site-packages\aiogram\dispatcher\dispatcher.py", line 256, in process_update
    return await self.message_handlers.notify(update.message)
  File "D:\Co-pilot SSD M.2\gitgit\ImageScalerBot\venv\lib\site-packages\aiogram\dispatcher\handler.py", line 116, in notify
    response = await handler_obj.handler(*args, **partial_data)
  File "D:\Co-pilot SSD M.2\gitgit\ImageScalerBot\bot.py", line 141, in unknown_message
    emojize(':astonished:'),
NameError: name 'emojize' is not defined
api.py [ LINE:133 ]#   DEBUG [2022-05-05:00:53:34]  Make request: "getUpdates" with data: "{'offset': 417798555, 'timeout': 20}" and files "None"
api.py [ LINE: 95 ]#   DEBUG [2022-05-05:00:53:40]  Response for getUpdates: [200] "'{"ok":true,"result":[{"update_id":417798555,\n"message":{"message_id":10,"from":{"id":779587035,"is_bot":false,"first_name":"Leonid","last_name":"Zhozhikov","username":"LyonyaZhozhikov","language_code":"ru"},"chat":{"id":779587035,"first_name":"Leonid","last_name":"Zhozhikov","username":"LyonyaZhozhikov","type":"private"},"date":1651679622,"text":"/start","entities":[{"offset":0,"length":6,"type":"bot_command"}]}}]}'"
dispatcher.py [ LINE:395 ]#   DEBUG [2022-05-05:00:53:40]  Received 1 updates.
api.py [ LINE:133 ]#   DEBUG [2022-05-05:00:53:40]  Make request: "sendMessage" with data: "{'chat_id': 779587035, 'text': 'Hi!\nI am Scaler Bot. Type /help to know how to use me.', 'reply_to_message_id': 10}" and files "None"
api.py [ LINE:133 ]#   DEBUG [2022-05-05:00:53:40]  Make request: "getUpdates" with data: "{'offset': 417798556, 'timeout': 20}" and files "None"
api.py [ LINE: 95 ]#   DEBUG [2022-05-05:00:53:40]  Response for sendMessage: [200] "'{"ok":true,"result":{"message_id":11,"from":{"id":5310304321,"is_bot":true,"first_name":"name_here_no","username":"Image_scale_bot"},"chat":{"id":779587035,"first_name":"Leonid","last_name":"Zhozhikov","username":"LyonyaZhozhikov","type":"private"},"date":1651679622,"reply_to_message":{"message_id":10,"from":{"id":779587035,"is_bot":false,"first_name":"Leonid","last_name":"Zhozhikov","username":"LyonyaZhozhikov","language_code":"ru"},"chat":{"id":779587035,"first_name":"Leonid","last_name":"Zhozhikov","username":"LyonyaZhozhikov","type":"private"},"date":1651679622,"text":"/start","entities":[{"offset":0,"length":6,"type":"bot_command"}]},"text":"Hi!\\nI am Scaler Bot. Type /help to know how to use me.","entities":[{"offset":26,"length":5,"type":"bot_command"}]}}'"
api.py [ LINE: 95 ]#   DEBUG [2022-05-05:00:53:43]  Response for getUpdates: [200] "'{"ok":true,"result":[{"update_id":417798556,\n"message":{"message_id":12,"from":{"id":779587035,"is_bot":false,"first_name":"Leonid","last_name":"Zhozhikov","username":"LyonyaZhozhikov","language_code":"ru"},"chat":{"id":779587035,"first_name":"Leonid","last_name":"Zhozhikov","username":"LyonyaZhozhikov","type":"private"},"date":1651679625,"text":"/help","entities":[{"offset":0,"length":5,"type":"bot_command"}]}}]}'"
dispatcher.py [ LINE:395 ]#   DEBUG [2022-05-05:00:53:43]  Received 1 updates.
api.py [ LINE:133 ]#   DEBUG [2022-05-05:00:53:43]  Make request: "sendMessage" with data: "{'chat_id': 779587035, 'text': 'Send me an image as a document to scale it and write in comment the scaler (any number >1 and <=5). And I will send you scaled image.', 'parse_mode': 'markdown', 'reply_to_message_id': 12}" and files "None"
api.py [ LINE:133 ]#   DEBUG [2022-05-05:00:53:43]  Make request: "getUpdates" with data: "{'offset': 417798557, 'timeout': 20}" and files "None"
api.py [ LINE: 95 ]#   DEBUG [2022-05-05:00:53:43]  Response for sendMessage: [200] "'{"ok":true,"result":{"message_id":13,"from":{"id":5310304321,"is_bot":true,"first_name":"name_here_no","username":"Image_scale_bot"},"chat":{"id":779587035,"first_name":"Leonid","last_name":"Zhozhikov","username":"LyonyaZhozhikov","type":"private"},"date":1651679626,"reply_to_message":{"message_id":12,"from":{"id":779587035,"is_bot":false,"first_name":"Leonid","last_name":"Zhozhikov","username":"LyonyaZhozhikov","language_code":"ru"},"chat":{"id":779587035,"first_name":"Leonid","last_name":"Zhozhikov","username":"LyonyaZhozhikov","type":"private"},"date":1651679625,"text":"/help","entities":[{"offset":0,"length":5,"type":"bot_command"}]},"text":"Send me an image as a document to scale it and write in comment the scaler (any number >1 and <=5). And I will send you scaled image."}}'"
api.py [ LINE: 95 ]#   DEBUG [2022-05-05:00:53:51]  Response for getUpdates: [200] "'{"ok":true,"result":[{"update_id":417798557,\n"message":{"message_id":14,"from":{"id":779587035,"is_bot":false,"first_name":"Leonid","last_name":"Zhozhikov","username":"LyonyaZhozhikov","language_code":"ru"},"chat":{"id":779587035,"first_name":"Leonid","last_name":"Zhozhikov","username":"LyonyaZhozhikov","type":"private"},"date":1651679633,"photo":[{"file_id":"AgACAgIAAxkBAAMOYnKhkVyF-kE9jB216PjzwGKyXPEAAh-7MRtszJBL6r-61U47oIkBAAMCAANzAAMkBA","file_unique_id":"AQADH7sxG2zMkEt4","file_size":1085,"width":90,"height":71},{"file_id":"AgACAgIAAxkBAAMOYnKhkVyF-kE9jB216PjzwGKyXPEAAh-7MRtszJBL6r-61U47oIkBAAMCAANtAAMkBA","file_unique_id":"AQADH7sxG2zMkEty","file_size":16352,"width":320,"height":253},{"file_id":"AgACAgIAAxkBAAMOYnKhkVyF-kE9jB216PjzwGKyXPEAAh-7MRtszJBL6r-61U47oIkBAAMCAAN4AAMkBA","file_unique_id":"AQADH7sxG2zMkEt9","file_size":67854,"width":800,"height":632},{"file_id":"AgACAgIAAxkBAAMOYnKhkVyF-kE9jB216PjzwGKyXPEAAh-7MRtszJBL6r-61U47oIkBAAMCAAN5AAMkBA","file_unique_id":"AQADH7sxG2zMkEt-","file_size":109026,"width":1280,"height":1012}],"caption":"2"}}]}'"
dispatcher.py [ LINE:395 ]#   DEBUG [2022-05-05:00:53:51]  Received 1 updates.
base_events.py [ LINE:1738 ]#   ERROR [2022-05-05:00:53:51]  Task exception was never retrieved
future: <Task finished name='Task-25' coro=<Dispatcher._process_polling_updates() done, defined at D:\Co-pilot SSD M.2\gitgit\ImageScalerBot\venv\lib\site-packages\aiogram\dispatcher\dispatcher.py:407> exception=NameError("name 'emojize' is not defined")>
Traceback (most recent call last):
  File "D:\Co-pilot SSD M.2\gitgit\ImageScalerBot\venv\lib\site-packages\aiogram\dispatcher\dispatcher.py", line 415, in _process_polling_updates
    for responses in itertools.chain.from_iterable(await self.process_updates(updates, fast)):
  File "D:\Co-pilot SSD M.2\gitgit\ImageScalerBot\venv\lib\site-packages\aiogram\dispatcher\dispatcher.py", line 235, in process_updates
    return await asyncio.gather(*tasks)
  File "D:\Co-pilot SSD M.2\gitgit\ImageScalerBot\venv\lib\site-packages\aiogram\dispatcher\handler.py", line 116, in notify
    response = await handler_obj.handler(*args, **partial_data)
  File "D:\Co-pilot SSD M.2\gitgit\ImageScalerBot\venv\lib\site-packages\aiogram\dispatcher\dispatcher.py", line 256, in process_update
    return await self.message_handlers.notify(update.message)
  File "D:\Co-pilot SSD M.2\gitgit\ImageScalerBot\venv\lib\site-packages\aiogram\dispatcher\handler.py", line 116, in notify
    response = await handler_obj.handler(*args, **partial_data)
  File "D:\Co-pilot SSD M.2\gitgit\ImageScalerBot\bot.py", line 131, in process_photo_message
    message_text = text(emojize('Hm...  you sent me a photo :astonished:.'),
NameError: name 'emojize' is not defined
api.py [ LINE:133 ]#   DEBUG [2022-05-05:00:53:51]  Make request: "getUpdates" with data: "{'offset': 417798558, 'timeout': 20}" and files "None"
api.py [ LINE: 95 ]#   DEBUG [2022-05-05:00:54:11]  Response for getUpdates: [200] "'{"ok":true,"result":[]}'"
api.py [ LINE:133 ]#   DEBUG [2022-05-05:00:54:11]  Make request: "getUpdates" with data: "{'offset': 417798558, 'timeout': 20}" and files "None"
api.py [ LINE: 95 ]#   DEBUG [2022-05-05:00:54:31]  Response for getUpdates: [200] "'{"ok":true,"result":[]}'"
api.py [ LINE:133 ]#   DEBUG [2022-05-05:00:54:31]  Make request: "getUpdates" with data: "{'offset': 417798558, 'timeout': 20}" and files "None"
api.py [ LINE: 95 ]#   DEBUG [2022-05-05:00:54:51]  Response for getUpdates: [200] "'{"ok":true,"result":[]}'"
api.py [ LINE:133 ]#   DEBUG [2022-05-05:00:54:51]  Make request: "getUpdates" with data: "{'offset': 417798558, 'timeout': 20}" and files "None"
api.py [ LINE: 95 ]#   DEBUG [2022-05-05:00:55:12]  Response for getUpdates: [200] "'{"ok":true,"result":[]}'"
api.py [ LINE:133 ]#   DEBUG [2022-05-05:00:55:12]  Make request: "getUpdates" with data: "{'offset': 417798558, 'timeout': 20}" and files "None"
dispatcher.py [ LINE:433 ]#    INFO [2022-05-05:00:55:23]  Stop polling...
executor.py [ LINE:329 ]# WARNING [2022-05-05:00:55:23]  Goodbye!
proactor_events.py [ LINE:623 ]#   DEBUG [2022-05-05:01:19:28]  Using proactor: IocpProactor
